Using pre-set license
Built from '2021.3/staging' branch; Version is '2021.3.11f1 (0a5ca18544bf) revision 679073'; Using compiler version '192829333'; Build Type 'Release'
OS: 'Windows 11  (10.0.22621) 64bit Core' Language: 'en' Physical Memory: 15608 MB
BatchMode: 1, IsHumanControllingUs: 0, StartBugReporterOnCrash: 0, Is64bit: 1, IsPro: 1

COMMAND LINE ARGUMENTS:
C:\Program Files\Unity\Hub\Editor\2021.3.11f1\Editor\Unity.exe
-adb2
-batchMode
-noUpm
-name
AssetImportWorker0
-projectPath
C:/Users/gunin/Documents/GitHub/ACE/ACE
-logFile
Logs/AssetImportWorker0.log
-srvPort
62577
Successfully changed project path to: C:/Users/gunin/Documents/GitHub/ACE/ACE
C:/Users/gunin/Documents/GitHub/ACE/ACE
[UnityMemory] Configuration Parameters - Can be set up in boot.config
    "memorysetup-bucket-allocator-granularity=16"
    "memorysetup-bucket-allocator-bucket-count=8"
    "memorysetup-bucket-allocator-block-size=33554432"
    "memorysetup-bucket-allocator-block-count=8"
    "memorysetup-main-allocator-block-size=16777216"
    "memorysetup-thread-allocator-block-size=16777216"
    "memorysetup-gfx-main-allocator-block-size=16777216"
    "memorysetup-gfx-thread-allocator-block-size=16777216"
    "memorysetup-cache-allocator-block-size=4194304"
    "memorysetup-typetree-allocator-block-size=2097152"
    "memorysetup-profiler-bucket-allocator-granularity=16"
    "memorysetup-profiler-bucket-allocator-bucket-count=8"
    "memorysetup-profiler-bucket-allocator-block-size=33554432"
    "memorysetup-profiler-bucket-allocator-block-count=8"
    "memorysetup-profiler-allocator-block-size=16777216"
    "memorysetup-profiler-editor-allocator-block-size=1048576"
    "memorysetup-temp-allocator-size-main=16777216"
    "memorysetup-job-temp-allocator-block-size=2097152"
    "memorysetup-job-temp-allocator-block-size-background=1048576"
    "memorysetup-job-temp-allocator-reduction-small-platforms=262144"
    "memorysetup-temp-allocator-size-background-worker=32768"
    "memorysetup-temp-allocator-size-job-worker=262144"
    "memorysetup-temp-allocator-size-preload-manager=33554432"
    "memorysetup-temp-allocator-size-nav-mesh-worker=65536"
    "memorysetup-temp-allocator-size-audio-worker=65536"
    "memorysetup-temp-allocator-size-cloud-worker=32768"
    "memorysetup-temp-allocator-size-gi-baking-worker=262144"
    "memorysetup-temp-allocator-size-gfx=262144"
Refreshing native plugins compatible for Editor in 76.93 ms, found 3 plugins.
Preloading 0 native plugins for Editor in 0.00 ms.
Initialize engine version: 2021.3.11f1 (0a5ca18544bf)
[Subsystems] Discovering subsystems at path C:/Program Files/Unity/Hub/Editor/2021.3.11f1/Editor/Data/Resources/UnitySubsystems
[Subsystems] Discovering subsystems at path C:/Users/gunin/Documents/GitHub/ACE/ACE/Assets
GfxDevice: creating device client; threaded=0; jobified=0
Direct3D:
    Version:  Direct3D 11.0 [level 11.1]
    Renderer: NVIDIA GeForce RTX 3060 Laptop GPU (ID=0x2520)
    Vendor:   NVIDIA
    VRAM:     6023 MB
    Driver:   31.0.15.1691
Initialize mono
Mono path[0] = 'C:/Program Files/Unity/Hub/Editor/2021.3.11f1/Editor/Data/Managed'
Mono path[1] = 'C:/Program Files/Unity/Hub/Editor/2021.3.11f1/Editor/Data/MonoBleedingEdge/lib/mono/unityjit-win32'
Mono config path = 'C:/Program Files/Unity/Hub/Editor/2021.3.11f1/Editor/Data/MonoBleedingEdge/etc'
Using monoOptions --debugger-agent=transport=dt_socket,embedding=1,server=y,suspend=n,address=127.0.0.1:56532
Begin MonoManager ReloadAssembly
Registering precompiled unity dll's ...
Register platform support module: C:/Program Files/Unity/Hub/Editor/2021.3.11f1/Editor/Data/PlaybackEngines/WindowsStandaloneSupport/UnityEditor.WindowsStandalone.Extensions.dll
Registered in 0.003244 seconds.
Native extension for WindowsStandalone target not found
Refreshing native plugins compatible for Editor in 71.68 ms, found 3 plugins.
Preloading 0 native plugins for Editor in 0.00 ms.
Mono: successfully reloaded assembly
- Completed reload, in  0.517 seconds
Domain Reload Profiling:
	ReloadAssembly (518ms)
		BeginReloadAssembly (59ms)
			ExecutionOrderSort (0ms)
			DisableScriptedObjects (0ms)
			BackupInstance (0ms)
			ReleaseScriptingObjects (0ms)
			CreateAndSetChildDomain (1ms)
		EndReloadAssembly (379ms)
			LoadAssemblies (58ms)
			RebuildTransferFunctionScriptingTraits (0ms)
			SetupTypeCache (87ms)
			ReleaseScriptCaches (0ms)
			RebuildScriptCaches (23ms)
			SetupLoadedEditorAssemblies (227ms)
				LogAssemblyErrors (0ms)
				InitializePlatformSupportModulesInManaged (6ms)
				SetLoadedEditorAssemblies (0ms)
				RefreshPlugins (72ms)
				BeforeProcessingInitializeOnLoad (1ms)
				ProcessInitializeOnLoadAttributes (110ms)
				ProcessInitializeOnLoadMethodAttributes (38ms)
				AfterProcessingInitializeOnLoad (0ms)
				EditorAssembliesLoaded (0ms)
			ExecutionOrderSort2 (0ms)
			AwakeInstancesAfterBackupRestoration (0ms)
Platform modules already initialized, skipping
Registering precompiled user dll's ...
Registered in 0.004103 seconds.
Begin MonoManager ReloadAssembly
Symbol file LoadedFromMemory doesn't match image C:\Users\gunin\Documents\GitHub\ACE\ACE\Library\PackageCache\com.unity.visualscripting@1.7.8\Editor\VisualScripting.Core\Dependencies\YamlDotNet\Unity.VisualScripting.YamlDotNet.dll
Symbol file LoadedFromMemory doesn't match image C:\Users\gunin\Documents\GitHub\ACE\ACE\Library\PackageCache\com.unity.visualscripting@1.7.8\Editor\VisualScripting.Core\Dependencies\DotNetZip\Unity.VisualScripting.IonicZip.dll
Native extension for WindowsStandalone target not found
Refreshing native plugins compatible for Editor in 0.66 ms, found 3 plugins.
Preloading 0 native plugins for Editor in 0.00 ms.
Mono: successfully reloaded assembly
- Completed reload, in  0.833 seconds
Domain Reload Profiling:
	ReloadAssembly (833ms)
		BeginReloadAssembly (102ms)
			ExecutionOrderSort (0ms)
			DisableScriptedObjects (4ms)
			BackupInstance (0ms)
			ReleaseScriptingObjects (0ms)
			CreateAndSetChildDomain (25ms)
		EndReloadAssembly (648ms)
			LoadAssemblies (66ms)
			RebuildTransferFunctionScriptingTraits (0ms)
			SetupTypeCache (197ms)
			ReleaseScriptCaches (1ms)
			RebuildScriptCaches (39ms)
			SetupLoadedEditorAssemblies (313ms)
				LogAssemblyErrors (0ms)
				InitializePlatformSupportModulesInManaged (4ms)
				SetLoadedEditorAssemblies (0ms)
				RefreshPlugins (1ms)
				BeforeProcessingInitializeOnLoad (76ms)
				ProcessInitializeOnLoadAttributes (200ms)
				ProcessInitializeOnLoadMethodAttributes (26ms)
				AfterProcessingInitializeOnLoad (6ms)
				EditorAssembliesLoaded (0ms)
			ExecutionOrderSort2 (0ms)
			AwakeInstancesAfterBackupRestoration (4ms)
Platform modules already initialized, skipping
========================================================================
Worker process is ready to serve import requests
Launched and connected shader compiler UnityShaderCompiler.exe after 0.06 seconds
Refreshing native plugins compatible for Editor in 1.37 ms, found 3 plugins.
Preloading 0 native plugins for Editor in 0.00 ms.
Unloading 3890 Unused Serialized files (Serialized files now loaded: 0)
Unloading 38 unused Assets / (1.3 MB). Loaded Objects now: 4341.
Memory consumption went from 145.8 MB to 144.4 MB.
Total: 5.498100 ms (FindLiveObjects: 0.598900 ms CreateObjectMapping: 0.381800 ms MarkObjects: 4.027900 ms  DeleteObjects: 0.488000 ms)

AssetImportParameters requested are different than current active one (requested -> active):
  custom:video-decoder-ogg-theora: a1e56fd34408186e4bbccfd4996cb3dc -> 
  custom:container-muxer-webm: aa71ff27fc2769a1b78a27578f13a17b -> 
  custom:container-demuxer-webm: 4f35f7cbe854078d1ac9338744f61a02 -> 
  custom:video-encoder-webm-vp8: eb34c28f22e8b96e1ab97ce403110664 -> 
  custom:video-codec-MediaFoundation-h265: 746d11721c4dcdbdad8f713fa42b33f4 -> 
  custom:audio-encoder-webm-vorbis: bf7c407c2cedff20999df2af8eb42d56 -> 
  custom:framework-win-MediaFoundation: 216162199b28c13a410421893ffa2e32 -> 
  custom:container-demuxer-ogg: 62fdf1f143b41e24485cea50d1cbac27 -> 
  custom:video-decoder-webm-vp8: 9c59270c3fd7afecdb556c50c9e8de78 -> 
  custom:audio-decoder-ogg-vorbis: bf7c407c2cedff20999df2af8eb42d56 -> 
========================================================================
Received Import Request.
  Time since last request: 2922475.120404 seconds.
  path: Assets/Models
  artifactKey: Guid(b109a77bd3945ed41a596dcd88df7b39) Importer(815301076,1909f56bfc062723c751e8b465ee728b)
Start importing Assets/Models using Guid(b109a77bd3945ed41a596dcd88df7b39) Importer(815301076,1909f56bfc062723c751e8b465ee728b)  -> (artifact id: '71b5102fce9ae3a0b563da40ab2ecf53') in 0.021390 seconds 
========================================================================
Received Import Request.
  Time since last request: 63.695301 seconds.
  path: Assets/Models/2323_Blorpo_Anim_v003.fbx
  artifactKey: Guid(32cc49f4168daac4cad9279a1abe8123) Importer(815301076,1909f56bfc062723c751e8b465ee728b)
Start importing Assets/Models/2323_Blorpo_Anim_v003.fbx using Guid(32cc49f4168daac4cad9279a1abe8123) Importer(815301076,1909f56bfc062723c751e8b465ee728b)  -> (artifact id: 'e2734b7648eca6b4436239b7956405e1') in 0.283776 seconds 
========================================================================
Received Import Request.
  Time since last request: 58.433598 seconds.
  path: Assets/Models/Blorpo.fbx
  artifactKey: Guid(32cc49f4168daac4cad9279a1abe8123) Importer(815301076,1909f56bfc062723c751e8b465ee728b)
Start importing Assets/Models/Blorpo.fbx using Guid(32cc49f4168daac4cad9279a1abe8123) Importer(815301076,1909f56bfc062723c751e8b465ee728b)  -> (artifact id: '4ec9f848c14033831af9d4cb86da96ac') in 0.118208 seconds 
========================================================================
Received Import Request.
  Time since last request: 874.037911 seconds.
  path: Assets/Audio
  artifactKey: Guid(e09a97ece5864f044af0c5a4ba107f1e) Importer(815301076,1909f56bfc062723c751e8b465ee728b)
Start importing Assets/Audio using Guid(e09a97ece5864f044af0c5a4ba107f1e) Importer(815301076,1909f56bfc062723c751e8b465ee728b)  -> (artifact id: '5304b514cfa39063e52442ee3eb5730b') in 0.015849 seconds 
========================================================================
Received Import Request.
  Time since last request: 18.283656 seconds.
  path: Assets/Audio/Music
  artifactKey: Guid(7e4c9e902ae91f841a41210772347eae) Importer(815301076,1909f56bfc062723c751e8b465ee728b)
Start importing Assets/Audio/Music using Guid(7e4c9e902ae91f841a41210772347eae) Importer(815301076,1909f56bfc062723c751e8b465ee728b)  -> (artifact id: 'd607bcd75f386cef8c7f56578a4dfbc6') in 0.009824 seconds 
========================================================================
Received Import Request.
  Time since last request: 6.589985 seconds.
  path: Assets/Audio/SFX
  artifactKey: Guid(70e4a1f10fab1da40876ca3a30a2daaa) Importer(815301076,1909f56bfc062723c751e8b465ee728b)
Start importing Assets/Audio/SFX using Guid(70e4a1f10fab1da40876ca3a30a2daaa) Importer(815301076,1909f56bfc062723c751e8b465ee728b)  -> (artifact id: '3f6abe6535e12f9b03c60924d68a6914') in 0.010949 seconds 
========================================================================
Received Import Request.
  Time since last request: 12.312429 seconds.
  path: Assets/Audio/Music/Space Jazz.mp3
  artifactKey: Guid(80e06c00fff29b64d832ca23be165d50) Importer(815301076,1909f56bfc062723c751e8b465ee728b)
Start importing Assets/Audio/Music/Space Jazz.mp3 using Guid(80e06c00fff29b64d832ca23be165d50) Importer(815301076,1909f56bfc062723c751e8b465ee728b)  -> (artifact id: 'cae41210024af5be84fafe4ed8fd33bc') in 0.092853 seconds 
========================================================================
Received Import Request.
  Time since last request: 129.621513 seconds.
  path: Assets/Audio/AudioMixer.mixer
  artifactKey: Guid(112fe26bf4fe61d418596d4ce02fe084) Importer(815301076,1909f56bfc062723c751e8b465ee728b)
Start importing Assets/Audio/AudioMixer.mixer using Guid(112fe26bf4fe61d418596d4ce02fe084) Importer(815301076,1909f56bfc062723c751e8b465ee728b)  -> (artifact id: '8f0f486d74fd18bf1391a4c3cd7d865e') in 0.014025 seconds 
========================================================================
Received Prepare
Registering precompiled user dll's ...
Registered in 0.003644 seconds.
Begin MonoManager ReloadAssembly
Symbol file LoadedFromMemory doesn't match image C:\Users\gunin\Documents\GitHub\ACE\ACE\Library\PackageCache\com.unity.visualscripting@1.7.8\Editor\VisualScripting.Core\Dependencies\YamlDotNet\Unity.VisualScripting.YamlDotNet.dll
Symbol file LoadedFromMemory doesn't match image C:\Users\gunin\Documents\GitHub\ACE\ACE\Library\PackageCache\com.unity.visualscripting@1.7.8\Editor\VisualScripting.Core\Dependencies\DotNetZip\Unity.VisualScripting.IonicZip.dll
Native extension for WindowsStandalone target not found
Refreshing native plugins compatible for Editor in 0.72 ms, found 3 plugins.
Preloading 0 native plugins for Editor in 0.00 ms.
Mono: successfully reloaded assembly
- Completed reload, in  0.906 seconds
Domain Reload Profiling:
	ReloadAssembly (907ms)
		BeginReloadAssembly (217ms)
			ExecutionOrderSort (0ms)
			DisableScriptedObjects (9ms)
			BackupInstance (0ms)
			ReleaseScriptingObjects (0ms)
			CreateAndSetChildDomain (101ms)
		EndReloadAssembly (609ms)
			LoadAssemblies (75ms)
			RebuildTransferFunctionScriptingTraits (0ms)
			SetupTypeCache (210ms)
			ReleaseScriptCaches (1ms)
			RebuildScriptCaches (32ms)
			SetupLoadedEditorAssemblies (266ms)
				LogAssemblyErrors (0ms)
				InitializePlatformSupportModulesInManaged (10ms)
				SetLoadedEditorAssemblies (1ms)
				RefreshPlugins (1ms)
				BeforeProcessingInitializeOnLoad (55ms)
				ProcessInitializeOnLoadAttributes (173ms)
				ProcessInitializeOnLoadMethodAttributes (22ms)
				AfterProcessingInitializeOnLoad (6ms)
				EditorAssembliesLoaded (0ms)
			ExecutionOrderSort2 (0ms)
			AwakeInstancesAfterBackupRestoration (4ms)
Platform modules already initialized, skipping
Refreshing native plugins compatible for Editor in 2.03 ms, found 3 plugins.
Preloading 0 native plugins for Editor in 0.00 ms.
Unloading 3837 Unused Serialized files (Serialized files now loaded: 0)
Unloading 31 unused Assets / (1.3 MB). Loaded Objects now: 4393.
Memory consumption went from 158.1 MB to 156.8 MB.
Total: 3.289800 ms (FindLiveObjects: 0.272400 ms CreateObjectMapping: 0.080700 ms MarkObjects: 2.666900 ms  DeleteObjects: 0.269100 ms)

AssetImportParameters requested are different than current active one (requested -> active):
  custom:video-decoder-ogg-theora: a1e56fd34408186e4bbccfd4996cb3dc -> 
  custom:container-muxer-webm: aa71ff27fc2769a1b78a27578f13a17b -> 
  custom:container-demuxer-webm: 4f35f7cbe854078d1ac9338744f61a02 -> 
  custom:video-encoder-webm-vp8: eb34c28f22e8b96e1ab97ce403110664 -> 
  custom:video-codec-MediaFoundation-h265: 746d11721c4dcdbdad8f713fa42b33f4 -> 
  custom:audio-encoder-webm-vorbis: bf7c407c2cedff20999df2af8eb42d56 -> 
  custom:framework-win-MediaFoundation: 216162199b28c13a410421893ffa2e32 -> 
  custom:container-demuxer-ogg: 62fdf1f143b41e24485cea50d1cbac27 -> 
  custom:video-decoder-webm-vp8: 9c59270c3fd7afecdb556c50c9e8de78 -> 
  custom:audio-decoder-ogg-vorbis: bf7c407c2cedff20999df2af8eb42d56 -> 
========================================================================
Received Import Request.
  Time since last request: 155.225870 seconds.
  path: Assets/Audio/AudioMixer.mixer
  artifactKey: Guid(112fe26bf4fe61d418596d4ce02fe084) Importer(815301076,1909f56bfc062723c751e8b465ee728b)
Start importing Assets/Audio/AudioMixer.mixer using Guid(112fe26bf4fe61d418596d4ce02fe084) Importer(815301076,1909f56bfc062723c751e8b465ee728b)  -> (artifact id: 'de8855a4909c6197e8b9f32417149870') in 0.080320 seconds 
========================================================================
Received Import Request.
  Time since last request: 4.085579 seconds.
  path: Assets/Audio/AudioMixer.mixer
  artifactKey: Guid(112fe26bf4fe61d418596d4ce02fe084) Importer(815301076,1909f56bfc062723c751e8b465ee728b)
Start importing Assets/Audio/AudioMixer.mixer using Guid(112fe26bf4fe61d418596d4ce02fe084) Importer(815301076,1909f56bfc062723c751e8b465ee728b)  -> (artifact id: '2bd342b7c70cdcedd44e394024acf9e1') in 0.002495 seconds 
========================================================================
Received Import Request.
  Time since last request: 3.222188 seconds.
  path: Assets/Audio/AudioMixer.mixer
  artifactKey: Guid(112fe26bf4fe61d418596d4ce02fe084) Importer(815301076,1909f56bfc062723c751e8b465ee728b)
Start importing Assets/Audio/AudioMixer.mixer using Guid(112fe26bf4fe61d418596d4ce02fe084) Importer(815301076,1909f56bfc062723c751e8b465ee728b)  -> (artifact id: 'f0ba5727ec2843759cbec32ad603ecb4') in 0.002624 seconds 
========================================================================
Received Import Request.
  Time since last request: 6.259245 seconds.
  path: Assets/Audio/AudioMixer.mixer
  artifactKey: Guid(112fe26bf4fe61d418596d4ce02fe084) Importer(815301076,1909f56bfc062723c751e8b465ee728b)
Start importing Assets/Audio/AudioMixer.mixer using Guid(112fe26bf4fe61d418596d4ce02fe084) Importer(815301076,1909f56bfc062723c751e8b465ee728b)  -> (artifact id: 'dfb921de8969d5a0c385fda0f907f188') in 0.002885 seconds 
========================================================================
Received Import Request.
  Time since last request: 1.589203 seconds.
  path: Assets/Audio/AudioMixer.mixer
  artifactKey: Guid(112fe26bf4fe61d418596d4ce02fe084) Importer(815301076,1909f56bfc062723c751e8b465ee728b)
Start importing Assets/Audio/AudioMixer.mixer using Guid(112fe26bf4fe61d418596d4ce02fe084) Importer(815301076,1909f56bfc062723c751e8b465ee728b)  -> (artifact id: '22b1b16e4b628c0233c56658b232c05d') in 0.003140 seconds 
========================================================================
Received Import Request.
  Time since last request: 3.196127 seconds.
  path: Assets/Audio/AudioMixer.mixer
  artifactKey: Guid(112fe26bf4fe61d418596d4ce02fe084) Importer(815301076,1909f56bfc062723c751e8b465ee728b)
Start importing Assets/Audio/AudioMixer.mixer using Guid(112fe26bf4fe61d418596d4ce02fe084) Importer(815301076,1909f56bfc062723c751e8b465ee728b)  -> (artifact id: '6fc72b66fd03a632624dc7e0a58225c8') in 0.003009 seconds 
========================================================================
Received Import Request.
  Time since last request: 2.410241 seconds.
  path: Assets/Audio/AudioMixer.mixer
  artifactKey: Guid(112fe26bf4fe61d418596d4ce02fe084) Importer(815301076,1909f56bfc062723c751e8b465ee728b)
Start importing Assets/Audio/AudioMixer.mixer using Guid(112fe26bf4fe61d418596d4ce02fe084) Importer(815301076,1909f56bfc062723c751e8b465ee728b)  -> (artifact id: '6cbf3809f47fd12bad63ab9bff8c78b0') in 0.003088 seconds 
